\BOOKMARK [0][-]{chapter.1}{\376\377\000C\000l\000a\000s\000s\000\040\000I\000n\000d\000e\000x}{}% 1
\BOOKMARK [1][-]{section.1.1}{\376\377\000C\000l\000a\000s\000s\000\040\000L\000i\000s\000t}{chapter.1}% 2
\BOOKMARK [0][-]{chapter.2}{\376\377\000F\000i\000l\000e\000\040\000I\000n\000d\000e\000x}{}% 3
\BOOKMARK [1][-]{section.2.1}{\376\377\000F\000i\000l\000e\000\040\000L\000i\000s\000t}{chapter.2}% 4
\BOOKMARK [0][-]{chapter.3}{\376\377\000C\000l\000a\000s\000s\000\040\000D\000o\000c\000u\000m\000e\000n\000t\000a\000t\000i\000o\000n}{}% 5
\BOOKMARK [1][-]{section.3.1}{\376\377\000c\000o\000n\000f\000i\000g\000\137\000p\000a\000r\000a\000m\000s\000\040\000S\000t\000r\000u\000c\000t\000\040\000R\000e\000f\000e\000r\000e\000n\000c\000e}{chapter.3}% 6
\BOOKMARK [2][-]{subsection.3.1.1}{\376\377\000D\000e\000t\000a\000i\000l\000e\000d\000\040\000D\000e\000s\000c\000r\000i\000p\000t\000i\000o\000n}{section.3.1}% 7
\BOOKMARK [1][-]{section.3.2}{\376\377\000s\000t\000o\000r\000a\000g\000e\000\137\000r\000e\000c\000o\000r\000d\000\040\000S\000t\000r\000u\000c\000t\000\040\000R\000e\000f\000e\000r\000e\000n\000c\000e}{chapter.3}% 8
\BOOKMARK [2][-]{subsection.3.2.1}{\376\377\000D\000e\000t\000a\000i\000l\000e\000d\000\040\000D\000e\000s\000c\000r\000i\000p\000t\000i\000o\000n}{section.3.2}% 9
\BOOKMARK [0][-]{chapter.4}{\376\377\000F\000i\000l\000e\000\040\000D\000o\000c\000u\000m\000e\000n\000t\000a\000t\000i\000o\000n}{}% 10
\BOOKMARK [1][-]{section.4.1}{\376\377\000c\000l\000i\000e\000n\000t\000.\000c\000\040\000F\000i\000l\000e\000\040\000R\000e\000f\000e\000r\000e\000n\000c\000e}{chapter.4}% 11
\BOOKMARK [2][-]{subsection.4.1.1}{\376\377\000D\000e\000t\000a\000i\000l\000e\000d\000\040\000D\000e\000s\000c\000r\000i\000p\000t\000i\000o\000n}{section.4.1}% 12
\BOOKMARK [2][-]{subsection.4.1.2}{\376\377\000F\000u\000n\000c\000t\000i\000o\000n\000\040\000D\000o\000c\000u\000m\000e\000n\000t\000a\000t\000i\000o\000n}{section.4.1}% 13
\BOOKMARK [3][-]{subsubsection.4.1.2.1}{\376\377\000m\000a\000i\000n}{subsection.4.1.2}% 14
\BOOKMARK [1][-]{section.4.2}{\376\377\000e\000n\000c\000r\000y\000p\000t\000\137\000p\000a\000s\000s\000w\000d\000.\000c\000\040\000F\000i\000l\000e\000\040\000R\000e\000f\000e\000r\000e\000n\000c\000e}{chapter.4}% 15
\BOOKMARK [2][-]{subsection.4.2.1}{\376\377\000D\000e\000t\000a\000i\000l\000e\000d\000\040\000D\000e\000s\000c\000r\000i\000p\000t\000i\000o\000n}{section.4.2}% 16
\BOOKMARK [1][-]{section.4.3}{\376\377\000s\000e\000r\000v\000e\000r\000.\000c\000\040\000F\000i\000l\000e\000\040\000R\000e\000f\000e\000r\000e\000n\000c\000e}{chapter.4}% 17
\BOOKMARK [2][-]{subsection.4.3.1}{\376\377\000D\000e\000t\000a\000i\000l\000e\000d\000\040\000D\000e\000s\000c\000r\000i\000p\000t\000i\000o\000n}{section.4.3}% 18
\BOOKMARK [2][-]{subsection.4.3.2}{\376\377\000F\000u\000n\000c\000t\000i\000o\000n\000\040\000D\000o\000c\000u\000m\000e\000n\000t\000a\000t\000i\000o\000n}{section.4.3}% 19
\BOOKMARK [3][-]{subsubsection.4.3.2.1}{\376\377\000h\000a\000n\000d\000l\000e\000\137\000c\000o\000m\000m\000a\000n\000d}{subsection.4.3.2}% 20
\BOOKMARK [3][-]{subsubsection.4.3.2.2}{\376\377\000m\000a\000i\000n}{subsection.4.3.2}% 21
\BOOKMARK [1][-]{section.4.4}{\376\377\000s\000t\000o\000r\000a\000g\000e\000.\000c\000\040\000F\000i\000l\000e\000\040\000R\000e\000f\000e\000r\000e\000n\000c\000e}{chapter.4}% 22
\BOOKMARK [2][-]{subsection.4.4.1}{\376\377\000D\000e\000t\000a\000i\000l\000e\000d\000\040\000D\000e\000s\000c\000r\000i\000p\000t\000i\000o\000n}{section.4.4}% 23
\BOOKMARK [2][-]{subsection.4.4.2}{\376\377\000F\000u\000n\000c\000t\000i\000o\000n\000\040\000D\000o\000c\000u\000m\000e\000n\000t\000a\000t\000i\000o\000n}{section.4.4}% 24
\BOOKMARK [3][-]{subsubsection.4.4.2.1}{\376\377\000s\000t\000o\000r\000a\000g\000e\000\137\000a\000u\000t\000h}{subsection.4.4.2}% 25
\BOOKMARK [3][-]{subsubsection.4.4.2.2}{\376\377\000s\000t\000o\000r\000a\000g\000e\000\137\000c\000o\000n\000n\000e\000c\000t}{subsection.4.4.2}% 26
\BOOKMARK [3][-]{subsubsection.4.4.2.3}{\376\377\000s\000t\000o\000r\000a\000g\000e\000\137\000d\000i\000s\000c\000o\000n\000n\000e\000c\000t}{subsection.4.4.2}% 27
\BOOKMARK [3][-]{subsubsection.4.4.2.4}{\376\377\000s\000t\000o\000r\000a\000g\000e\000\137\000g\000e\000t}{subsection.4.4.2}% 28
\BOOKMARK [3][-]{subsubsection.4.4.2.5}{\376\377\000s\000t\000o\000r\000a\000g\000e\000\137\000s\000e\000t}{subsection.4.4.2}% 29
\BOOKMARK [1][-]{section.4.5}{\376\377\000s\000t\000o\000r\000a\000g\000e\000.\000h\000\040\000F\000i\000l\000e\000\040\000R\000e\000f\000e\000r\000e\000n\000c\000e}{chapter.4}% 30
\BOOKMARK [2][-]{subsection.4.5.1}{\376\377\000D\000e\000t\000a\000i\000l\000e\000d\000\040\000D\000e\000s\000c\000r\000i\000p\000t\000i\000o\000n}{section.4.5}% 31
\BOOKMARK [2][-]{subsection.4.5.2}{\376\377\000F\000u\000n\000c\000t\000i\000o\000n\000\040\000D\000o\000c\000u\000m\000e\000n\000t\000a\000t\000i\000o\000n}{section.4.5}% 32
\BOOKMARK [3][-]{subsubsection.4.5.2.1}{\376\377\000s\000t\000o\000r\000a\000g\000e\000\137\000a\000u\000t\000h}{subsection.4.5.2}% 33
\BOOKMARK [3][-]{subsubsection.4.5.2.2}{\376\377\000s\000t\000o\000r\000a\000g\000e\000\137\000c\000o\000n\000n\000e\000c\000t}{subsection.4.5.2}% 34
\BOOKMARK [3][-]{subsubsection.4.5.2.3}{\376\377\000s\000t\000o\000r\000a\000g\000e\000\137\000d\000i\000s\000c\000o\000n\000n\000e\000c\000t}{subsection.4.5.2}% 35
\BOOKMARK [3][-]{subsubsection.4.5.2.4}{\376\377\000s\000t\000o\000r\000a\000g\000e\000\137\000g\000e\000t}{subsection.4.5.2}% 36
\BOOKMARK [3][-]{subsubsection.4.5.2.5}{\376\377\000s\000t\000o\000r\000a\000g\000e\000\137\000q\000u\000e\000r\000y}{subsection.4.5.2}% 37
\BOOKMARK [3][-]{subsubsection.4.5.2.6}{\376\377\000s\000t\000o\000r\000a\000g\000e\000\137\000s\000e\000t}{subsection.4.5.2}% 38
\BOOKMARK [1][-]{section.4.6}{\376\377\000u\000t\000i\000l\000s\000.\000c\000\040\000F\000i\000l\000e\000\040\000R\000e\000f\000e\000r\000e\000n\000c\000e}{chapter.4}% 39
\BOOKMARK [2][-]{subsection.4.6.1}{\376\377\000D\000e\000t\000a\000i\000l\000e\000d\000\040\000D\000e\000s\000c\000r\000i\000p\000t\000i\000o\000n}{section.4.6}% 40
\BOOKMARK [2][-]{subsection.4.6.2}{\376\377\000F\000u\000n\000c\000t\000i\000o\000n\000\040\000D\000o\000c\000u\000m\000e\000n\000t\000a\000t\000i\000o\000n}{section.4.6}% 41
\BOOKMARK [3][-]{subsubsection.4.6.2.1}{\376\377\000g\000e\000n\000e\000r\000a\000t\000e\000\137\000e\000n\000c\000r\000y\000p\000t\000e\000d\000\137\000p\000a\000s\000s\000w\000o\000r\000d}{subsection.4.6.2}% 42
\BOOKMARK [3][-]{subsubsection.4.6.2.2}{\376\377\000l\000o\000g\000g\000e\000r}{subsection.4.6.2}% 43
\BOOKMARK [3][-]{subsubsection.4.6.2.3}{\376\377\000r\000e\000a\000d\000\137\000c\000o\000n\000f\000i\000g}{subsection.4.6.2}% 44
\BOOKMARK [3][-]{subsubsection.4.6.2.4}{\376\377\000r\000e\000c\000v\000l\000i\000n\000e}{subsection.4.6.2}% 45
\BOOKMARK [3][-]{subsubsection.4.6.2.5}{\376\377\000s\000e\000n\000d\000a\000l\000l}{subsection.4.6.2}% 46
\BOOKMARK [1][-]{section.4.7}{\376\377\000u\000t\000i\000l\000s\000.\000h\000\040\000F\000i\000l\000e\000\040\000R\000e\000f\000e\000r\000e\000n\000c\000e}{chapter.4}% 47
\BOOKMARK [2][-]{subsection.4.7.1}{\376\377\000D\000e\000t\000a\000i\000l\000e\000d\000\040\000D\000e\000s\000c\000r\000i\000p\000t\000i\000o\000n}{section.4.7}% 48
\BOOKMARK [2][-]{subsection.4.7.2}{\376\377\000M\000a\000c\000r\000o\000\040\000D\000e\000f\000i\000n\000i\000t\000i\000o\000n\000\040\000D\000o\000c\000u\000m\000e\000n\000t\000a\000t\000i\000o\000n}{section.4.7}% 49
\BOOKMARK [3][-]{subsubsection.4.7.2.1}{\376\377\000D\000B\000G}{subsection.4.7.2}% 50
\BOOKMARK [3][-]{subsubsection.4.7.2.2}{\376\377\000L\000O\000G}{subsection.4.7.2}% 51
\BOOKMARK [2][-]{subsection.4.7.3}{\376\377\000F\000u\000n\000c\000t\000i\000o\000n\000\040\000D\000o\000c\000u\000m\000e\000n\000t\000a\000t\000i\000o\000n}{section.4.7}% 52
\BOOKMARK [3][-]{subsubsection.4.7.3.1}{\376\377\000g\000e\000n\000e\000r\000a\000t\000e\000\137\000e\000n\000c\000r\000y\000p\000t\000e\000d\000\137\000p\000a\000s\000s\000w\000o\000r\000d}{subsection.4.7.3}% 53
\BOOKMARK [3][-]{subsubsection.4.7.3.2}{\376\377\000l\000o\000g\000g\000e\000r}{subsection.4.7.3}% 54
\BOOKMARK [3][-]{subsubsection.4.7.3.3}{\376\377\000r\000e\000a\000d\000\137\000c\000o\000n\000f\000i\000g}{subsection.4.7.3}% 55
\BOOKMARK [3][-]{subsubsection.4.7.3.4}{\376\377\000r\000e\000c\000v\000l\000i\000n\000e}{subsection.4.7.3}% 56
\BOOKMARK [3][-]{subsubsection.4.7.3.5}{\376\377\000s\000e\000n\000d\000a\000l\000l}{subsection.4.7.3}% 57
